
      =====================================================================================================
      Config file "./scully.zzTestMatHints.config.ts" not found, only rendering routes without parameters
      The config file should have a name that is formated as:
          scully.<projectName>.config.ts
      where <projectName> is the name of the project as defined in the 'angular.json' file
      If you meant to build a different project as undefined you can use:
          --project differentProjectName as a cmd line option

      When you are in a mixed mono-repo you might need to use the --pjFirst flag.
       which will look for package.json instead of angular.json to find the 'root' of the project.
    =====================================================================================================
The option outDir isn't configured, using default folder "./dist/static/".No routes defined in ""



      =====================================================================================================
      Config file "./scully.zzTestMatHints.config.ts" not found, only rendering routes without parameters
      The config file should have a name that is formated as:
          scully.<projectName>.config.ts
      where <projectName> is the name of the project as defined in the 'angular.json' file
      If you meant to build a different project as zzTestMatHints you can use:
          --project differentProjectName as a cmd line option

      When you are in a mixed mono-repo you might need to use the --pjFirst flag.
       which will look for package.json instead of angular.json to find the 'root' of the project.
    =====================================================================================================
No routes defined in ""The option outDir isn't configured, using default folder "./dist/static/".



We encountered a problem while reading the routes from your applications source.
This might happen when there are lazy-loaded routes, that are not loaded,
Or when there are paths we can not resolve statically.
Check the routes in your app, rebuild and retry.
(You can inspect the error by passing the --showGuessError flag

When there are extraRoutes in your config, we will still try to render those.



      =====================================================================================================
      Config file "./scully.zzTestMatHints.config.ts" not found, only rendering routes without parameters
      The config file should have a name that is formated as:
          scully.<projectName>.config.ts
      where <projectName> is the name of the project as defined in the 'angular.json' file
      If you meant to build a different project as undefined you can use:
          --project differentProjectName as a cmd line option

      When you are in a mixed mono-repo you might need to use the --pjFirst flag.
       which will look for package.json instead of angular.json to find the 'root' of the project.
    =====================================================================================================
The option outDir isn't configured, using default folder "./dist/static/".No routes defined in ""



      =====================================================================================================
      Config file "./scully.zzTestMatHints.config.ts" not found, only rendering routes without parameters
      The config file should have a name that is formated as:
          scully.<projectName>.config.ts
      where <projectName> is the name of the project as defined in the 'angular.json' file
      If you meant to build a different project as zzTestMatHints you can use:
          --project differentProjectName as a cmd line option

      When you are in a mixed mono-repo you might need to use the --pjFirst flag.
       which will look for package.json instead of angular.json to find the 'root' of the project.
    =====================================================================================================
The option outDir isn't configured, using default folder "./dist/static/".No routes defined in ""



We encountered a problem while reading the routes from your applications source.
This might happen when there are lazy-loaded routes, that are not loaded,
Or when there are paths we can not resolve statically.
Check the routes in your app, rebuild and retry.
(You can inspect the error by passing the --showGuessError flag

When there are extraRoutes in your config, we will still try to render those.



      =====================================================================================================
      Config file "./scully.zzTestMatHints.config.ts" not found, only rendering routes without parameters
      The config file should have a name that is formated as:
          scully.<projectName>.config.ts
      where <projectName> is the name of the project as defined in the 'angular.json' file
      If you meant to build a different project as undefined you can use:
          --project differentProjectName as a cmd line option

      When you are in a mixed mono-repo you might need to use the --pjFirst flag.
       which will look for package.json instead of angular.json to find the 'root' of the project.
    =====================================================================================================
The option outDir isn't configured, using default folder "./dist/static/".No routes defined in ""



      =====================================================================================================
      Config file "./scully.zzTestMatHints.config.ts" not found, only rendering routes without parameters
      The config file should have a name that is formated as:
          scully.<projectName>.config.ts
      where <projectName> is the name of the project as defined in the 'angular.json' file
      If you meant to build a different project as zzTestMatHints you can use:
          --project differentProjectName as a cmd line option

      When you are in a mixed mono-repo you might need to use the --pjFirst flag.
       which will look for package.json instead of angular.json to find the 'root' of the project.
    =====================================================================================================
No routes defined in ""The option outDir isn't configured, using default folder "./dist/static/".



----------------------------------
Using stored unhandled routes!.
   To discover new routes in the angular app use "npm run scully -- --scanRoutes"
----------------------------------

      =====================================================================================================
      Config file "./scully.zzTestMatHints.config.ts" not found, only rendering routes without parameters
      The config file should have a name that is formated as:
          scully.<projectName>.config.ts
      where <projectName> is the name of the project as defined in the 'angular.json' file
      If you meant to build a different project as undefined you can use:
          --project differentProjectName as a cmd line option

      When you are in a mixed mono-repo you might need to use the --pjFirst flag.
       which will look for package.json instead of angular.json to find the 'root' of the project.
    =====================================================================================================
The option outDir isn't configured, using default folder "./dist/static/".No routes defined in ""



      =====================================================================================================
      Config file "./scully.zzTestMatHints.config.ts" not found, only rendering routes without parameters
      The config file should have a name that is formated as:
          scully.<projectName>.config.ts
      where <projectName> is the name of the project as defined in the 'angular.json' file
      If you meant to build a different project as zzTestMatHints you can use:
          --project differentProjectName as a cmd line option

      When you are in a mixed mono-repo you might need to use the --pjFirst flag.
       which will look for package.json instead of angular.json to find the 'root' of the project.
    =====================================================================================================
No routes defined in ""The option outDir isn't configured, using default folder "./dist/static/".



----------------------------------
Using stored unhandled routes!.
   To discover new routes in the angular app use "npm run scully -- --scanRoutes"
----------------------------------

      =====================================================================================================
      Config file "./scully.zzTestMatHints.config.ts" not found, only rendering routes without parameters
      The config file should have a name that is formated as:
          scully.<projectName>.config.ts
      where <projectName> is the name of the project as defined in the 'angular.json' file
      If you meant to build a different project as undefined you can use:
          --project differentProjectName as a cmd line option

      When you are in a mixed mono-repo you might need to use the --pjFirst flag.
       which will look for package.json instead of angular.json to find the 'root' of the project.
    =====================================================================================================
The option outDir isn't configured, using default folder "./dist/static/".No routes defined in ""



      =====================================================================================================
      Config file "./scully.zzTestMatHints.config.ts" not found, only rendering routes without parameters
      The config file should have a name that is formated as:
          scully.<projectName>.config.ts
      where <projectName> is the name of the project as defined in the 'angular.json' file
      If you meant to build a different project as zzTestMatHints you can use:
          --project differentProjectName as a cmd line option

      When you are in a mixed mono-repo you might need to use the --pjFirst flag.
       which will look for package.json instead of angular.json to find the 'root' of the project.
    =====================================================================================================
No routes defined in ""The option outDir isn't configured, using default folder "./dist/static/".



----------------------------------
Using stored unhandled routes!.
   To discover new routes in the angular app use "npm run scully -- --scanRoutes"
----------------------------------

      =====================================================================================================
      Config file "./scully.zzTestMatHints.config.ts" not found, only rendering routes without parameters
      The config file should have a name that is formated as:
          scully.<projectName>.config.ts
      where <projectName> is the name of the project as defined in the 'angular.json' file
      If you meant to build a different project as undefined you can use:
          --project differentProjectName as a cmd line option

      When you are in a mixed mono-repo you might need to use the --pjFirst flag.
       which will look for package.json instead of angular.json to find the 'root' of the project.
    =====================================================================================================
The option outDir isn't configured, using default folder "./dist/static/".No routes defined in ""



      =====================================================================================================
      Config file "./scully.zzTestMatHints.config.ts" not found, only rendering routes without parameters
      The config file should have a name that is formated as:
          scully.<projectName>.config.ts
      where <projectName> is the name of the project as defined in the 'angular.json' file
      If you meant to build a different project as zzTestMatHints you can use:
          --project differentProjectName as a cmd line option

      When you are in a mixed mono-repo you might need to use the --pjFirst flag.
       which will look for package.json instead of angular.json to find the 'root' of the project.
    =====================================================================================================
The option outDir isn't configured, using default folder "./dist/static/".No routes defined in ""



----------------------------------
Using stored unhandled routes!.
   To discover new routes in the angular app use "npm run scully -- --scanRoutes"
----------------------------------

      =====================================================================================================
      Config file "./scully.zzTestMatHints.config.ts" not found, only rendering routes without parameters
      The config file should have a name that is formated as:
          scully.<projectName>.config.ts
      where <projectName> is the name of the project as defined in the 'angular.json' file
      If you meant to build a different project as undefined you can use:
          --project differentProjectName as a cmd line option

      When you are in a mixed mono-repo you might need to use the --pjFirst flag.
       which will look for package.json instead of angular.json to find the 'root' of the project.
    =====================================================================================================
The option outDir isn't configured, using default folder "./dist/static/".No routes defined in ""



      =====================================================================================================
      Config file "./scully.zzTestMatHints.config.ts" not found, only rendering routes without parameters
      The config file should have a name that is formated as:
          scully.<projectName>.config.ts
      where <projectName> is the name of the project as defined in the 'angular.json' file
      If you meant to build a different project as zzTestMatHints you can use:
          --project differentProjectName as a cmd line option

      When you are in a mixed mono-repo you might need to use the --pjFirst flag.
       which will look for package.json instead of angular.json to find the 'root' of the project.
    =====================================================================================================
The option outDir isn't configured, using default folder "./dist/static/".No routes defined in ""

----------------------------------
Using stored unhandled routes!.
   To discover new routes in the angular app use "npm run scully -- --scanRoutes"
----------------------------------



      =====================================================================================================
      Config file "./scully.zzTestMatHints.config.ts" not found, only rendering routes without parameters
      The config file should have a name that is formated as:
          scully.<projectName>.config.ts
      where <projectName> is the name of the project as defined in the 'angular.json' file
      If you meant to build a different project as undefined you can use:
          --project differentProjectName as a cmd line option

      When you are in a mixed mono-repo you might need to use the --pjFirst flag.
       which will look for package.json instead of angular.json to find the 'root' of the project.
    =====================================================================================================
The option outDir isn't configured, using default folder "./dist/static/".No routes defined in ""



      =====================================================================================================
      Config file "./scully.zzTestMatHints.config.ts" not found, only rendering routes without parameters
      The config file should have a name that is formated as:
          scully.<projectName>.config.ts
      where <projectName> is the name of the project as defined in the 'angular.json' file
      If you meant to build a different project as zzTestMatHints you can use:
          --project differentProjectName as a cmd line option

      When you are in a mixed mono-repo you might need to use the --pjFirst flag.
       which will look for package.json instead of angular.json to find the 'root' of the project.
    =====================================================================================================
The option outDir isn't configured, using default folder "./dist/static/".No routes defined in ""



----------------------------------
Using stored unhandled routes!.
   To discover new routes in the angular app use "npm run scully -- --scanRoutes"
----------------------------------

      =====================================================================================================
      Config file "./scully.zzTestMatHints.config.ts" not found, only rendering routes without parameters
      The config file should have a name that is formated as:
          scully.<projectName>.config.ts
      where <projectName> is the name of the project as defined in the 'angular.json' file
      If you meant to build a different project as undefined you can use:
          --project differentProjectName as a cmd line option

      When you are in a mixed mono-repo you might need to use the --pjFirst flag.
       which will look for package.json instead of angular.json to find the 'root' of the project.
    =====================================================================================================
The option outDir isn't configured, using default folder "./dist/static/".No routes defined in ""



      =====================================================================================================
      Config file "./scully.zzTestMatHints.config.ts" not found, only rendering routes without parameters
      The config file should have a name that is formated as:
          scully.<projectName>.config.ts
      where <projectName> is the name of the project as defined in the 'angular.json' file
      If you meant to build a different project as zzTestMatHints you can use:
          --project differentProjectName as a cmd line option

      When you are in a mixed mono-repo you might need to use the --pjFirst flag.
       which will look for package.json instead of angular.json to find the 'root' of the project.
    =====================================================================================================
The option outDir isn't configured, using default folder "./dist/static/".No routes defined in ""



----------------------------------
Using stored unhandled routes!.
   To discover new routes in the angular app use "npm run scully -- --scanRoutes"
----------------------------------

      =====================================================================================================
      Config file "./scully.zzTestMatHints.config.ts" not found, only rendering routes without parameters
      The config file should have a name that is formated as:
          scully.<projectName>.config.ts
      where <projectName> is the name of the project as defined in the 'angular.json' file
      If you meant to build a different project as undefined you can use:
          --project differentProjectName as a cmd line option

      When you are in a mixed mono-repo you might need to use the --pjFirst flag.
       which will look for package.json instead of angular.json to find the 'root' of the project.
    =====================================================================================================
The option outDir isn't configured, using default folder "./dist/static/".No routes defined in ""



      =====================================================================================================
      Config file "./scully.zzTestMatHints.config.ts" not found, only rendering routes without parameters
      The config file should have a name that is formated as:
          scully.<projectName>.config.ts
      where <projectName> is the name of the project as defined in the 'angular.json' file
      If you meant to build a different project as zzTestMatHints you can use:
          --project differentProjectName as a cmd line option

      When you are in a mixed mono-repo you might need to use the --pjFirst flag.
       which will look for package.json instead of angular.json to find the 'root' of the project.
    =====================================================================================================
The option outDir isn't configured, using default folder "./dist/static/".No routes defined in ""



----------------------------------
Using stored unhandled routes!.
   To discover new routes in the angular app use "npm run scully -- --scanRoutes"
----------------------------------

      =====================================================================================================
      Config file "./scully.zzTestMatHints.config.ts" not found, only rendering routes without parameters
      The config file should have a name that is formated as:
          scully.<projectName>.config.ts
      where <projectName> is the name of the project as defined in the 'angular.json' file
      If you meant to build a different project as undefined you can use:
          --project differentProjectName as a cmd line option

      When you are in a mixed mono-repo you might need to use the --pjFirst flag.
       which will look for package.json instead of angular.json to find the 'root' of the project.
    =====================================================================================================
No routes defined in ""The option outDir isn't configured, using default folder "./dist/static/".



      =====================================================================================================
      Config file "./scully.zzTestMatHints.config.ts" not found, only rendering routes without parameters
      The config file should have a name that is formated as:
          scully.<projectName>.config.ts
      where <projectName> is the name of the project as defined in the 'angular.json' file
      If you meant to build a different project as zzTestMatHints you can use:
          --project differentProjectName as a cmd line option

      When you are in a mixed mono-repo you might need to use the --pjFirst flag.
       which will look for package.json instead of angular.json to find the 'root' of the project.
    =====================================================================================================
No routes defined in ""The option outDir isn't configured, using default folder "./dist/static/".



----------------------------------
Using stored unhandled routes!.
   To discover new routes in the angular app use "npm run scully -- --scanRoutes"
----------------------------------

      =====================================================================================================
      Config file "./scully.zzTestMatHints.config.ts" not found, only rendering routes without parameters
      The config file should have a name that is formated as:
          scully.<projectName>.config.ts
      where <projectName> is the name of the project as defined in the 'angular.json' file
      If you meant to build a different project as undefined you can use:
          --project differentProjectName as a cmd line option

      When you are in a mixed mono-repo you might need to use the --pjFirst flag.
       which will look for package.json instead of angular.json to find the 'root' of the project.
    =====================================================================================================
The option outDir isn't configured, using default folder "./dist/static/".No routes defined in ""



      =====================================================================================================
      Config file "./scully.zzTestMatHints.config.ts" not found, only rendering routes without parameters
      The config file should have a name that is formated as:
          scully.<projectName>.config.ts
      where <projectName> is the name of the project as defined in the 'angular.json' file
      If you meant to build a different project as zzTestMatHints you can use:
          --project differentProjectName as a cmd line option

      When you are in a mixed mono-repo you might need to use the --pjFirst flag.
       which will look for package.json instead of angular.json to find the 'root' of the project.
    =====================================================================================================
The option outDir isn't configured, using default folder "./dist/static/".No routes defined in ""



----------------------------------
Using stored unhandled routes!.
   To discover new routes in the angular app use "npm run scully -- --scanRoutes"
----------------------------------

      =====================================================================================================
      Config file "./scully.zzTestMatHints.config.ts" not found, only rendering routes without parameters
      The config file should have a name that is formated as:
          scully.<projectName>.config.ts
      where <projectName> is the name of the project as defined in the 'angular.json' file
      If you meant to build a different project as undefined you can use:
          --project differentProjectName as a cmd line option

      When you are in a mixed mono-repo you might need to use the --pjFirst flag.
       which will look for package.json instead of angular.json to find the 'root' of the project.
    =====================================================================================================
The option outDir isn't configured, using default folder "./dist/static/".No routes defined in ""



      =====================================================================================================
      Config file "./scully.zzTestMatHints.config.ts" not found, only rendering routes without parameters
      The config file should have a name that is formated as:
          scully.<projectName>.config.ts
      where <projectName> is the name of the project as defined in the 'angular.json' file
      If you meant to build a different project as zzTestMatHints you can use:
          --project differentProjectName as a cmd line option

      When you are in a mixed mono-repo you might need to use the --pjFirst flag.
       which will look for package.json instead of angular.json to find the 'root' of the project.
    =====================================================================================================
The option outDir isn't configured, using default folder "./dist/static/".No routes defined in ""



----------------------------------
Using stored unhandled routes!.
   To discover new routes in the angular app use "npm run scully -- --scanRoutes"
----------------------------------

      =====================================================================================================
      Config file "./scully.zzTestMatHints.config.ts" not found, only rendering routes without parameters
      The config file should have a name that is formated as:
          scully.<projectName>.config.ts
      where <projectName> is the name of the project as defined in the 'angular.json' file
      If you meant to build a different project as undefined you can use:
          --project differentProjectName as a cmd line option

      When you are in a mixed mono-repo you might need to use the --pjFirst flag.
       which will look for package.json instead of angular.json to find the 'root' of the project.
    =====================================================================================================
The option outDir isn't configured, using default folder "./dist/static/".No routes defined in ""



      =====================================================================================================
      Config file "./scully.zzTestMatHints.config.ts" not found, only rendering routes without parameters
      The config file should have a name that is formated as:
          scully.<projectName>.config.ts
      where <projectName> is the name of the project as defined in the 'angular.json' file
      If you meant to build a different project as zzTestMatHints you can use:
          --project differentProjectName as a cmd line option

      When you are in a mixed mono-repo you might need to use the --pjFirst flag.
       which will look for package.json instead of angular.json to find the 'root' of the project.
    =====================================================================================================
The option outDir isn't configured, using default folder "./dist/static/".No routes defined in ""



----------------------------------
Using stored unhandled routes!.
   To discover new routes in the angular app use "npm run scully -- --scanRoutes"
----------------------------------

      =====================================================================================================
      Config file "./scully.zzTestMatHints.config.ts" not found, only rendering routes without parameters
      The config file should have a name that is formated as:
          scully.<projectName>.config.ts
      where <projectName> is the name of the project as defined in the 'angular.json' file
      If you meant to build a different project as undefined you can use:
          --project differentProjectName as a cmd line option

      When you are in a mixed mono-repo you might need to use the --pjFirst flag.
       which will look for package.json instead of angular.json to find the 'root' of the project.
    =====================================================================================================
The option outDir isn't configured, using default folder "./dist/static/".No routes defined in ""



      =====================================================================================================
      Config file "./scully.zzTestMatHints.config.ts" not found, only rendering routes without parameters
      The config file should have a name that is formated as:
          scully.<projectName>.config.ts
      where <projectName> is the name of the project as defined in the 'angular.json' file
      If you meant to build a different project as zzTestMatHints you can use:
          --project differentProjectName as a cmd line option

      When you are in a mixed mono-repo you might need to use the --pjFirst flag.
       which will look for package.json instead of angular.json to find the 'root' of the project.
    =====================================================================================================
The option outDir isn't configured, using default folder "./dist/static/".No routes defined in ""



----------------------------------
Using stored unhandled routes!.
   To discover new routes in the angular app use "npm run scully -- --scanRoutes"
----------------------------------

      =====================================================================================================
      Config file "./scully.zzTestMatHints.config.ts" not found, only rendering routes without parameters
      The config file should have a name that is formated as:
          scully.<projectName>.config.ts
      where <projectName> is the name of the project as defined in the 'angular.json' file
      If you meant to build a different project as undefined you can use:
          --project differentProjectName as a cmd line option

      When you are in a mixed mono-repo you might need to use the --pjFirst flag.
       which will look for package.json instead of angular.json to find the 'root' of the project.
    =====================================================================================================
The option outDir isn't configured, using default folder "./dist/static/".No routes defined in ""



      =====================================================================================================
      Config file "./scully.zzTestMatHints.config.ts" not found, only rendering routes without parameters
      The config file should have a name that is formated as:
          scully.<projectName>.config.ts
      where <projectName> is the name of the project as defined in the 'angular.json' file
      If you meant to build a different project as zzTestMatHints you can use:
          --project differentProjectName as a cmd line option

      When you are in a mixed mono-repo you might need to use the --pjFirst flag.
       which will look for package.json instead of angular.json to find the 'root' of the project.
    =====================================================================================================
The option outDir isn't configured, using default folder "./dist/static/".No routes defined in ""



----------------------------------
Using stored unhandled routes!.
   To discover new routes in the angular app use "npm run scully -- --scanRoutes"
----------------------------------

      =====================================================================================================
      Config file "./scully.zzTestMatHints.config.ts" not found, only rendering routes without parameters
      The config file should have a name that is formated as:
          scully.<projectName>.config.ts
      where <projectName> is the name of the project as defined in the 'angular.json' file
      If you meant to build a different project as undefined you can use:
          --project differentProjectName as a cmd line option

      When you are in a mixed mono-repo you might need to use the --pjFirst flag.
       which will look for package.json instead of angular.json to find the 'root' of the project.
    =====================================================================================================
The option outDir isn't configured, using default folder "./dist/static/".No routes defined in ""



      =====================================================================================================
      Config file "./scully.zzTestMatHints.config.ts" not found, only rendering routes without parameters
      The config file should have a name that is formated as:
          scully.<projectName>.config.ts
      where <projectName> is the name of the project as defined in the 'angular.json' file
      If you meant to build a different project as zzTestMatHints you can use:
          --project differentProjectName as a cmd line option

      When you are in a mixed mono-repo you might need to use the --pjFirst flag.
       which will look for package.json instead of angular.json to find the 'root' of the project.
    =====================================================================================================
The option outDir isn't configured, using default folder "./dist/static/".No routes defined in ""



----------------------------------
Using stored unhandled routes!.
   To discover new routes in the angular app use "npm run scully -- --scanRoutes"
----------------------------------

      =====================================================================================================
      Config file "./scully.zzTestMatHints.config.ts" not found, only rendering routes without parameters
      The config file should have a name that is formated as:
          scully.<projectName>.config.ts
      where <projectName> is the name of the project as defined in the 'angular.json' file
      If you meant to build a different project as undefined you can use:
          --project differentProjectName as a cmd line option

      When you are in a mixed mono-repo you might need to use the --pjFirst flag.
       which will look for package.json instead of angular.json to find the 'root' of the project.
    =====================================================================================================
The option outDir isn't configured, using default folder "./dist/static/".No routes defined in ""



      =====================================================================================================
      Config file "./scully.zzTestMatHints.config.ts" not found, only rendering routes without parameters
      The config file should have a name that is formated as:
          scully.<projectName>.config.ts
      where <projectName> is the name of the project as defined in the 'angular.json' file
      If you meant to build a different project as zzTestMatHints you can use:
          --project differentProjectName as a cmd line option

      When you are in a mixed mono-repo you might need to use the --pjFirst flag.
       which will look for package.json instead of angular.json to find the 'root' of the project.
    =====================================================================================================
The option outDir isn't configured, using default folder "./dist/static/".No routes defined in ""



----------------------------------
Using stored unhandled routes!.
   To discover new routes in the angular app use "npm run scully -- --scanRoutes"
----------------------------------

      =====================================================================================================
      Config file "./scully.zzTestMatHints.config.ts" not found, only rendering routes without parameters
      The config file should have a name that is formated as:
          scully.<projectName>.config.ts
      where <projectName> is the name of the project as defined in the 'angular.json' file
      If you meant to build a different project as undefined you can use:
          --project differentProjectName as a cmd line option

      When you are in a mixed mono-repo you might need to use the --pjFirst flag.
       which will look for package.json instead of angular.json to find the 'root' of the project.
    =====================================================================================================
The option outDir isn't configured, using default folder "./dist/static/".No routes defined in ""



      =====================================================================================================
      Config file "./scully.zzTestMatHints.config.ts" not found, only rendering routes without parameters
      The config file should have a name that is formated as:
          scully.<projectName>.config.ts
      where <projectName> is the name of the project as defined in the 'angular.json' file
      If you meant to build a different project as zzTestMatHints you can use:
          --project differentProjectName as a cmd line option

      When you are in a mixed mono-repo you might need to use the --pjFirst flag.
       which will look for package.json instead of angular.json to find the 'root' of the project.
    =====================================================================================================
The option outDir isn't configured, using default folder "./dist/static/".No routes defined in ""



----------------------------------
Using stored unhandled routes!.
   To discover new routes in the angular app use "npm run scully -- --scanRoutes"
----------------------------------

      =====================================================================================================
      Config file "./scully.zzTestMatHints.config.ts" not found, only rendering routes without parameters
      The config file should have a name that is formated as:
          scully.<projectName>.config.ts
      where <projectName> is the name of the project as defined in the 'angular.json' file
      If you meant to build a different project as undefined you can use:
          --project differentProjectName as a cmd line option

      When you are in a mixed mono-repo you might need to use the --pjFirst flag.
       which will look for package.json instead of angular.json to find the 'root' of the project.
    =====================================================================================================
The option outDir isn't configured, using default folder "./dist/static/".No routes defined in ""



      =====================================================================================================
      Config file "./scully.zzTestMatHints.config.ts" not found, only rendering routes without parameters
      The config file should have a name that is formated as:
          scully.<projectName>.config.ts
      where <projectName> is the name of the project as defined in the 'angular.json' file
      If you meant to build a different project as zzTestMatHints you can use:
          --project differentProjectName as a cmd line option

      When you are in a mixed mono-repo you might need to use the --pjFirst flag.
       which will look for package.json instead of angular.json to find the 'root' of the project.
    =====================================================================================================
The option outDir isn't configured, using default folder "./dist/static/".No routes defined in ""



----------------------------------
Using stored unhandled routes!.
   To discover new routes in the angular app use "npm run scully -- --scanRoutes"
----------------------------------

----------------------------------
Using stored unhandled routes!.
   To discover new routes in the angular app use "npm run scully -- --scanRoutes"
----------------------------------

----------------------------------
Using stored unhandled routes!.
   To discover new routes in the angular app use "npm run scully -- --scanRoutes"
----------------------------------

----------------------------------
Using stored unhandled routes!.
   To discover new routes in the angular app use "npm run scully -- --scanRoutes"
----------------------------------

----------------------------------
Using stored unhandled routes!.
   To discover new routes in the angular app use "npm run scully -- --scanRoutes"
----------------------------------

----------------------------------
Using stored unhandled routes!.
   To discover new routes in the angular app use "npm run scully -- --scanRoutes"
----------------------------------

----------------------------------
Using stored unhandled routes!.
   To discover new routes in the angular app use "npm run scully -- --scanRoutes"
----------------------------------

----------------------------------
Using stored unhandled routes!.
   To discover new routes in the angular app use "npm run scully -- --scanRoutes"
----------------------------------

----------------------------------
Using stored unhandled routes!.
   To discover new routes in the angular app use "npm run scully -- --scanRoutes"
----------------------------------

----------------------------------
Using stored unhandled routes!.
   To discover new routes in the angular app use "npm run scully -- --scanRoutes"
----------------------------------

----------------------------------
Using stored unhandled routes!.
   To discover new routes in the angular app use "npm run scully -- --scanRoutes"
----------------------------------

----------------------------------
Using stored unhandled routes!.
   To discover new routes in the angular app use "npm run scully -- --scanRoutes"
----------------------------------

----------------------------------
Using stored unhandled routes!.
   To discover new routes in the angular app use "npm run scully -- --scanRoutes"
----------------------------------

----------------------------------
Using stored unhandled routes!.
   To discover new routes in the angular app use "npm run scully -- --scanRoutes"
----------------------------------
No configuration for route "/order-statement/cancelled/:orderId" found. SkippingNo configuration for route "/order-statement/success/:orderId" found. SkippingNo configuration for route "/click-collect/:id" found. Skipping


No configuration for route "/order-statement/success/:orderId" found. SkippingNo configuration for route "/order-statement/cancelled/:orderId" found. SkippingNo configuration for route "/click-collect/:id" found. Skipping



----------------------------------
Using stored unhandled routes!.
   To discover new routes in the angular app use "npm run scully -- --scanRoutes"
----------------------------------No configuration for route "/order-statement/success/:orderId" found. SkippingNo configuration for route "/order-statement/cancelled/:orderId" found. SkippingNo configuration for route "/click-collect/:id" found. Skipping




----------------------------------
Using stored unhandled routes!.
   To discover new routes in the angular app use "npm run scully -- --scanRoutes"
----------------------------------No configuration for route "/order-statement/success/:orderId" found. SkippingNo configuration for route "/order-statement/cancelled/:orderId" found. SkippingNo configuration for route "/click-collect/:id" found. Skipping




----------------------------------
Using stored unhandled routes!.
   To discover new routes in the angular app use "npm run scully -- --scanRoutes"
----------------------------------No configuration for route "/order-statement/success/:orderId" found. SkippingNo configuration for route "/order-statement/cancelled/:orderId" found. SkippingNo configuration for route "/click-collect/:id" found. Skipping




----------------------------------
Using stored unhandled routes!.
   To discover new routes in the angular app use "npm run scully -- --scanRoutes"
----------------------------------No configuration for route "/order-statement/success/:orderId" found. SkippingNo configuration for route "/order-statement/cancelled/:orderId" found. SkippingNo configuration for route "/click-collect/:id" found. Skipping




----------------------------------
Using stored unhandled routes!.
   To discover new routes in the angular app use "npm run scully -- --scanRoutes"
----------------------------------No configuration for route "/order-statement/success/:orderId" found. SkippingNo configuration for route "/order-statement/cancelled/:orderId" found. SkippingNo configuration for route "/click-collect/:id" found. Skipping




----------------------------------
Using stored unhandled routes!.
   To discover new routes in the angular app use "npm run scully -- --scanRoutes"
----------------------------------No configuration for route "/order-statement/success/:orderId" found. SkippingNo configuration for route "/order-statement/cancelled/:orderId" found. SkippingNo configuration for route "/click-collect/:id" found. Skipping




----------------------------------
Using stored unhandled routes!.
   To discover new routes in the angular app use "npm run scully -- --scanRoutes"
----------------------------------No configuration for route "/order-statement/success/:orderId" found. SkippingNo configuration for route "/order-statement/cancelled/:orderId" found. SkippingNo configuration for route "/click-collect/:id" found. Skipping




----------------------------------
Using stored unhandled routes!.
   To discover new routes in the angular app use "npm run scully -- --scanRoutes"
----------------------------------No configuration for route "/order-statement/success/:orderId" found. SkippingNo configuration for route "/order-statement/cancelled/:orderId" found. SkippingNo configuration for route "/click-collect/:id" found. Skipping




----------------------------------
Using stored unhandled routes!.
   To discover new routes in the angular app use "npm run scully -- --scanRoutes"
----------------------------------No configuration for route "/order-statement/success/:orderId" found. SkippingNo configuration for route "/order-statement/cancelled/:orderId" found. SkippingNo configuration for route "/click-collect/:id" found. Skipping




----------------------------------
Using stored unhandled routes!.
   To discover new routes in the angular app use "npm run scully -- --scanRoutes"
----------------------------------No configuration for route "/order-statement/success/:orderId" found. SkippingNo configuration for route "/order-statement/cancelled/:orderId" found. SkippingNo configuration for route "/click-collect/:id" found. Skipping




----------------------------------
Using stored unhandled routes!.
   To discover new routes in the angular app use "npm run scully -- --scanRoutes"
----------------------------------No configuration for route "/order-statement/success/:orderId" found. SkippingNo configuration for route "/order-statement/cancelled/:orderId" found. SkippingNo configuration for route "/click-collect/:id" found. Skipping




----------------------------------
Using stored unhandled routes!.
   To discover new routes in the angular app use "npm run scully -- --scanRoutes"
----------------------------------No configuration for route "/order-statement/cancelled/:orderId" found. SkippingNo configuration for route "/order-statement/success/:orderId" found. SkippingNo configuration for route "/click-collect/:id" found. Skipping




----------------------------------
Using stored unhandled routes!.
   To discover new routes in the angular app use "npm run scully -- --scanRoutes"
----------------------------------No configuration for route "/order-statement/success/:orderId" found. SkippingNo configuration for route "/order-statement/cancelled/:orderId" found. SkippingNo configuration for route "/click-collect/:id" found. Skipping




----------------------------------
Using stored unhandled routes!.
   To discover new routes in the angular app use "npm run scully -- --scanRoutes"
----------------------------------No configuration for route "/order-statement/success/:orderId" found. SkippingNo configuration for route "/order-statement/cancelled/:orderId" found. SkippingNo configuration for route "/click-collect/:id" found. Skipping




----------------------------------
Using stored unhandled routes!.
   To discover new routes in the angular app use "npm run scully -- --scanRoutes"
----------------------------------No configuration for route "/order-statement/success/:orderId" found. SkippingNo configuration for route "/order-statement/cancelled/:orderId" found. SkippingNo configuration for route "/click-collect/:id" found. Skipping




----------------------------------
Using stored unhandled routes!.
   To discover new routes in the angular app use "npm run scully -- --scanRoutes"
----------------------------------No configuration for route "/order-statement/success/:orderId" found. SkippingNo configuration for route "/order-statement/cancelled/:orderId" found. SkippingNo configuration for route "/click-collect/:id" found. Skipping




----------------------------------
Using stored unhandled routes!.
   To discover new routes in the angular app use "npm run scully -- --scanRoutes"
----------------------------------No configuration for route "/order-statement/success/:orderId" found. SkippingNo configuration for route "/order-statement/cancelled/:orderId" found. SkippingNo configuration for route "/click-collect/:id" found. Skipping




----------------------------------
Using stored unhandled routes!.
   To discover new routes in the angular app use "npm run scully -- --scanRoutes"
----------------------------------No configuration for route "/order-statement/success/:orderId" found. SkippingNo configuration for route "/order-statement/cancelled/:orderId" found. SkippingNo configuration for route "/click-collect/:id" found. Skipping




----------------------------------
Using stored unhandled routes!.
   To discover new routes in the angular app use "npm run scully -- --scanRoutes"
----------------------------------No configuration for route "/order-statement/success/:orderId" found. SkippingNo configuration for route "/order-statement/cancelled/:orderId" found. SkippingNo configuration for route "/click-collect/:id" found. Skipping




----------------------------------
Using stored unhandled routes!.
   To discover new routes in the angular app use "npm run scully -- --scanRoutes"
----------------------------------No configuration for route "/order-statement/success/:orderId" found. SkippingNo configuration for route "/order-statement/cancelled/:orderId" found. SkippingNo configuration for route "/click-collect/:id" found. Skipping




----------------------------------
Using stored unhandled routes!.
   To discover new routes in the angular app use "npm run scully -- --scanRoutes"
----------------------------------No configuration for route "/order-statement/success/:orderId" found. SkippingNo configuration for route "/order-statement/cancelled/:orderId" found. SkippingNo configuration for route "/click-collect/:id" found. Skipping




----------------------------------
Using stored unhandled routes!.
   To discover new routes in the angular app use "npm run scully -- --scanRoutes"
----------------------------------No configuration for route "/order-statement/success/:orderId" found. SkippingNo configuration for route "/order-statement/cancelled/:orderId" found. SkippingNo configuration for route "/click-collect/:id" found. Skipping



No configuration for route "/order-statement/success/:orderId" found. Skipping
----------------------------------
Using stored unhandled routes!.
   To discover new routes in the angular app use "npm run scully -- --scanRoutes"
----------------------------------No configuration for route "/order-statement/cancelled/:orderId" found. SkippingNo configuration for route "/click-collect/:id" found. Skipping




----------------------------------
Using stored unhandled routes!.
   To discover new routes in the angular app use "npm run scully -- --scanRoutes"
----------------------------------No configuration for route "/order-statement/success/:orderId" found. SkippingNo configuration for route "/order-statement/cancelled/:orderId" found. SkippingNo configuration for route "/click-collect/:id" found. Skipping




----------------------------------
Using stored unhandled routes!.
   To discover new routes in the angular app use "npm run scully -- --scanRoutes"
----------------------------------No configuration for route "/order-statement/success/:orderId" found. SkippingNo configuration for route "/order-statement/cancelled/:orderId" found. SkippingNo configuration for route "/click-collect/:id" found. Skipping




----------------------------------
Using stored unhandled routes!.
   To discover new routes in the angular app use "npm run scully -- --scanRoutes"
----------------------------------No configuration for route "/order-statement/success/:orderId" found. SkippingNo configuration for route "/order-statement/cancelled/:orderId" found. SkippingNo configuration for route "/click-collect/:id" found. Skipping




----------------------------------
Using stored unhandled routes!.
   To discover new routes in the angular app use "npm run scully -- --scanRoutes"
----------------------------------No configuration for route "/order-statement/success/:orderId" found. SkippingNo configuration for route "/order-statement/cancelled/:orderId" found. SkippingNo configuration for route "/click-collect/:id" found. Skipping




----------------------------------
Using stored unhandled routes!.
   To discover new routes in the angular app use "npm run scully -- --scanRoutes"
----------------------------------No configuration for route "/order-statement/success/:orderId" found. SkippingNo configuration for route "/order-statement/cancelled/:orderId" found. SkippingNo configuration for route "/click-collect/:id" found. Skipping




----------------------------------
Using stored unhandled routes!.
   To discover new routes in the angular app use "npm run scully -- --scanRoutes"
----------------------------------No configuration for route "/order-statement/success/:orderId" found. SkippingNo configuration for route "/order-statement/cancelled/:orderId" found. SkippingNo configuration for route "/click-collect/:id" found. Skipping




----------------------------------
Using stored unhandled routes!.
   To discover new routes in the angular app use "npm run scully -- --scanRoutes"
----------------------------------No configuration for route "/order-statement/success/:orderId" found. SkippingNo configuration for route "/order-statement/cancelled/:orderId" found. SkippingNo configuration for route "/click-collect/:id" found. Skipping




----------------------------------
Using stored unhandled routes!.
   To discover new routes in the angular app use "npm run scully -- --scanRoutes"
----------------------------------No configuration for route "/order-statement/success/:orderId" found. SkippingNo configuration for route "/order-statement/cancelled/:orderId" found. SkippingNo configuration for route "/click-collect/:id" found. Skipping




----------------------------------
Using stored unhandled routes!.
   To discover new routes in the angular app use "npm run scully -- --scanRoutes"
----------------------------------No configuration for route "/order-statement/success/:orderId" found. SkippingNo configuration for route "/order-statement/cancelled/:orderId" found. SkippingNo configuration for route "/click-collect/:id" found. Skipping




----------------------------------
Using stored unhandled routes!.
   To discover new routes in the angular app use "npm run scully -- --scanRoutes"
----------------------------------No configuration for route "/order-statement/success/:orderId" found. SkippingNo configuration for route "/order-statement/cancelled/:orderId" found. SkippingNo configuration for route "/click-collect/:id" found. Skipping




----------------------------------
Using stored unhandled routes!.
   To discover new routes in the angular app use "npm run scully -- --scanRoutes"
----------------------------------No configuration for route "/click-collect/:id" found. SkippingNo configuration for route "/order-statement/cancelled/:orderId" found. SkippingNo configuration for route "/order-statement/success/:orderId" found. Skipping




----------------------------------
Using stored unhandled routes!.
   To discover new routes in the angular app use "npm run scully -- --scanRoutes"
----------------------------------No configuration for route "/order-statement/success/:orderId" found. SkippingNo configuration for route "/order-statement/cancelled/:orderId" found. SkippingNo configuration for route "/click-collect/:id" found. Skipping




----------------------------------
Using stored unhandled routes!.
   To discover new routes in the angular app use "npm run scully -- --scanRoutes"
----------------------------------No configuration for route "/order-statement/success/:orderId" found. SkippingNo configuration for route "/order-statement/cancelled/:orderId" found. SkippingNo configuration for route "/click-collect/:id" found. Skipping




----------------------------------
Using stored unhandled routes!.
   To discover new routes in the angular app use "npm run scully -- --scanRoutes"
----------------------------------No configuration for route "/order-statement/success/:orderId" found. SkippingNo configuration for route "/order-statement/cancelled/:orderId" found. SkippingNo configuration for route "/click-collect/:id" found. Skipping




----------------------------------
Using stored unhandled routes!.
   To discover new routes in the angular app use "npm run scully -- --scanRoutes"
----------------------------------No configuration for route "/order-statement/success/:orderId" found. SkippingNo configuration for route "/order-statement/cancelled/:orderId" found. SkippingNo configuration for route "/click-collect/:id" found. Skipping



